PLUMED: PLUMED is starting
PLUMED: Version: 2.6.0-dev (git: 6453d4352) compiled on Dec 31 2018 at 10:51:48
PLUMED: Please cite this paper when using PLUMED [1]
PLUMED: For further information see the PLUMED web page at http://www.plumed.org
PLUMED: Root: /local-3-ssd/piaggp/Programs/Plumed/plumed2-fork-multiTP/
PLUMED: For installed feature, see /local-3-ssd/piaggp/Programs/Plumed/plumed2-fork-multiTP//src/config/config.txt
PLUMED: Molecular dynamics engine: LAMMPS
PLUMED: Precision of reals: 8
PLUMED: Running over 2 nodes
PLUMED: Number of threads: 1
PLUMED: Cache line size: 512
PLUMED: Number of atoms: 250
PLUMED: File suffix: 
PLUMED: FILE: plumed.dat
PLUMED: Action RESTART
PLUMED:   with label @0
PLUMED:   MD code didn't require restart
PLUMED:   Switching on restart
PLUMED:   Restarting simulation: files will be appended
PLUMED: Action ENERGY
PLUMED:   with label energy
PLUMED:   Bibliography [2][3]
PLUMED: Action VOLUME
PLUMED:   with label vol
PLUMED: Action REFCV
PLUMED:   with label refcv
PLUMED:   targeting the BCC crystal structure with lattice constants 0.432000
PLUMED:   representing local density as a sum of Gaussians with standard deviation 0.065000
PLUMED:   keyword SPECIES takes atoms : 1 2 3 4 5 6 7 8 9 10 11 12 13 14 15 16 17 18 19 20 21 22 23 24 25 26 27 28 29 30 31 32 33 34 35 36 37 38 39 40 41 42 43 44 45 46 47 48 49 50 51 52 53 54 55 56 57 58 59 60 61 62 63 64 65 66 67 68 69 70 71 72 73 74 75 76 77 78 79 80 81 82 83 84 85 86 87 88 89 90 91 92 93 94 95 96 97 98 99 100 101 102 103 104 105 106 107 108 109 110 111 112 113 114 115 116 117 118 119 120 121 122 123 124 125 126 127 128 129 130 131 132 133 134 135 136 137 138 139 140 141 142 143 144 145 146 147 148 149 150 151 152 153 154 155 156 157 158 159 160 161 162 163 164 165 166 167 168 169 170 171 172 173 174 175 176 177 178 179 180 181 182 183 184 185 186 187 188 189 190 191 192 193 194 195 196 197 198 199 200 201 202 203 204 205 206 207 208 209 210 211 212 213 214 215 216 217 218 219 220 221 222 223 224 225 226 227 228 229 230 231 232 233 234 235 236 237 238 239 240 241 242 243 244 245 246 247 248 249 250 
PLUMED:   added component to this action:  refcv.mean 
PLUMED:   value refcv.mean is obtained by taking the 1th component and finding the mean value
PLUMED:   added component to this action:  refcv.morethan 
PLUMED:   value refcv.morethan is obtained by taking the 1th component and finding the number of values more than 0.5.  Using rational swiching function with parameters d0=0 nn=12 mm=24
PLUMED: Action HISTOGRAM
PLUMED:   with label hh
PLUMED:   with stride 10
PLUMED:   weights are all equal to one
PLUMED:   for all base quantities calculated by refcv 
PLUMED:   grid of 1001 equally spaced points between (-1.5) and (1.5)
PLUMED: Action DUMPGRID
PLUMED:   with label @5
PLUMED:   with stride 5000
PLUMED:   outputting grid calculated by action hh to file named histo with format %f 
PLUMED: Action PRINT
PLUMED:   with label @6
PLUMED:   with stride 500
PLUMED:   with arguments energy vol refcv.mean refcv.morethan
PLUMED:   on file COLVAR
PLUMED:   with format  %f
PLUMED: END FILE: plumed.dat
PLUMED: Timestep: 0.002000
PLUMED: KbT has not been set by the MD engine
PLUMED: It should be set by hand where needed
PLUMED: Relevant bibliography:
PLUMED:   [1] Tribello, Bonomi, Branduardi, Camilloni, and Bussi, Comput. Phys. Commun. 185, 604 (2014)
PLUMED:   [2] Bartels and Karplus, J. Phys. Chem. B 102, 865 (1998)
PLUMED:   [3] Bonomi and Parrinello, J. Comp. Chem. 30, 1615 (2009)
PLUMED: Please read and cite where appropriate!
PLUMED: Finished setup
